<?xml version="1.0" encoding="UTF-8"?>
<robot generator="Robot 5.0.1 (Python 3.10.7 on win32)" generated="20221004 16:46:55.314" rpa="false" schemaversion="3">
<suite id="s1" name="Logincredentialtest" source="C:\automation testing projects\webtesting\testcases\logincredentialtest.robot">
<test id="s1-t1" name="compleate_login" line="13">
<kw name="start" library="start_stop" type="SETUP">
<kw name="Open Browser" library="SeleniumLibrary">
<arg>${demoshow_loginpage}</arg>
<arg>chrome</arg>
<doc>Opens a new browser instance to the optional ``url``.</doc>
<msg timestamp="20221004 16:46:56.151" level="INFO">Opening browser 'chrome' to base url 'https://demowebshop.tricentis.com/login'.</msg>
<status status="PASS" starttime="20221004 16:46:56.151" endtime="20221004 16:47:01.606"/>
</kw>
<kw name="Set Selenium Implicit Wait" library="SeleniumLibrary">
<arg>10s</arg>
<doc>Sets the implicit wait value used by Selenium.</doc>
<status status="PASS" starttime="20221004 16:47:01.606" endtime="20221004 16:47:01.611"/>
</kw>
<status status="PASS" starttime="20221004 16:46:56.150" endtime="20221004 16:47:01.612"/>
</kw>
<kw name="complete_login">
<arg>firstdemo@email.co</arg>
<arg>12345qwerty</arg>
<arg> No customer account found </arg>
<kw name="Input Text" library="SeleniumLibrary">
<arg>${enter_email}</arg>
<arg>${username}</arg>
<doc>Types the given ``text`` into the text field identified by ``locator``.</doc>
<msg timestamp="20221004 16:47:01.616" level="INFO">Typing text 'firstdemo@email.co' into text field 'xpath://input[@id='Email']'.</msg>
<status status="PASS" starttime="20221004 16:47:01.615" endtime="20221004 16:47:01.693"/>
</kw>
<kw name="Input Text" library="SeleniumLibrary">
<arg>${enter_password}</arg>
<arg>${password}</arg>
<doc>Types the given ``text`` into the text field identified by ``locator``.</doc>
<msg timestamp="20221004 16:47:01.693" level="INFO">Typing text '12345qwerty' into text field 'xpath://input[@name='Password']'.</msg>
<status status="PASS" starttime="20221004 16:47:01.693" endtime="20221004 16:47:01.767"/>
</kw>
<kw name="Click Element" library="SeleniumLibrary">
<arg>${loginpage_login_button}</arg>
<doc>Click the element identified by ``locator``.</doc>
<msg timestamp="20221004 16:47:01.767" level="INFO">Clicking element 'xpath://input[@value='Log in']'.</msg>
<status status="PASS" starttime="20221004 16:47:01.767" endtime="20221004 16:47:02.498"/>
</kw>
<kw name="Sleep" library="BuiltIn">
<arg>1s</arg>
<doc>Pauses the test executed for the given time.</doc>
<msg timestamp="20221004 16:47:03.508" level="INFO">Slept 1 second</msg>
<status status="PASS" starttime="20221004 16:47:02.498" endtime="20221004 16:47:03.508"/>
</kw>
<kw name="Element Should Contain" library="SeleniumLibrary">
<arg>${error_update}</arg>
<arg>${error_message}</arg>
<doc>Verifies that element ``locator`` contains text ``expected``.</doc>
<msg timestamp="20221004 16:47:03.695" level="INFO" html="true">&lt;/td&gt;&lt;/tr&gt;&lt;tr&gt;&lt;td colspan="3"&gt;&lt;a href="selenium-screenshot-6.png"&gt;&lt;img src="selenium-screenshot-6.png" width="800px"&gt;&lt;/a&gt;</msg>
<msg timestamp="20221004 16:47:03.696" level="FAIL">Element 'xpath://div[@class='validation-summary-errors']' should have contained text ' No customer account found ' but its text was 'Login was unsuccessful. Please correct the errors and try again.
No customer account found'.</msg>
<status status="FAIL" starttime="20221004 16:47:03.508" endtime="20221004 16:47:03.697"/>
</kw>
<status status="FAIL" starttime="20221004 16:47:01.613" endtime="20221004 16:47:03.698"/>
</kw>
<kw name="stop" library="start_stop" type="TEARDOWN">
<kw name="Close All Browsers" library="SeleniumLibrary">
<doc>Closes all open browsers and resets the browser cache.</doc>
<status status="PASS" starttime="20221004 16:47:03.699" endtime="20221004 16:47:05.849"/>
</kw>
<status status="PASS" starttime="20221004 16:47:03.699" endtime="20221004 16:47:05.850"/>
</kw>
<status status="FAIL" starttime="20221004 16:46:56.149" endtime="20221004 16:47:05.851">Element 'xpath://div[@class='validation-summary-errors']' should have contained text ' No customer account found ' but its text was 'Login was unsuccessful. Please correct the errors and try again.
No customer account found'.</status>
</test>
<test id="s1-t2" name="compleate_login" line="13">
<kw name="start" library="start_stop" type="SETUP">
<kw name="Open Browser" library="SeleniumLibrary">
<arg>${demoshow_loginpage}</arg>
<arg>chrome</arg>
<doc>Opens a new browser instance to the optional ``url``.</doc>
<msg timestamp="20221004 16:47:05.871" level="INFO">Opening browser 'chrome' to base url 'https://demowebshop.tricentis.com/login'.</msg>
<status status="PASS" starttime="20221004 16:47:05.870" endtime="20221004 16:47:11.569"/>
</kw>
<kw name="Set Selenium Implicit Wait" library="SeleniumLibrary">
<arg>10s</arg>
<doc>Sets the implicit wait value used by Selenium.</doc>
<status status="PASS" starttime="20221004 16:47:11.570" endtime="20221004 16:47:11.573"/>
</kw>
<status status="PASS" starttime="20221004 16:47:05.869" endtime="20221004 16:47:11.574"/>
</kw>
<kw name="complete_login">
<arg>second@email.com</arg>
<arg>The credentials provided are incorrect</arg>
<kw name="Input Text" library="SeleniumLibrary">
<arg>${enter_email}</arg>
<arg>${username}</arg>
<doc>Types the given ``text`` into the text field identified by ``locator``.</doc>
<msg timestamp="20221004 16:47:11.577" level="INFO">Typing text 'second@email.com' into text field 'xpath://input[@id='Email']'.</msg>
<status status="PASS" starttime="20221004 16:47:11.576" endtime="20221004 16:47:11.661"/>
</kw>
<kw name="Input Text" library="SeleniumLibrary">
<arg>${enter_password}</arg>
<arg>${password}</arg>
<doc>Types the given ``text`` into the text field identified by ``locator``.</doc>
<msg timestamp="20221004 16:47:11.661" level="INFO">Typing text '' into text field 'xpath://input[@name='Password']'.</msg>
<status status="PASS" starttime="20221004 16:47:11.661" endtime="20221004 16:47:11.730"/>
</kw>
<kw name="Click Element" library="SeleniumLibrary">
<arg>${loginpage_login_button}</arg>
<doc>Click the element identified by ``locator``.</doc>
<msg timestamp="20221004 16:47:11.730" level="INFO">Clicking element 'xpath://input[@value='Log in']'.</msg>
<status status="PASS" starttime="20221004 16:47:11.730" endtime="20221004 16:47:12.459"/>
</kw>
<kw name="Sleep" library="BuiltIn">
<arg>1s</arg>
<doc>Pauses the test executed for the given time.</doc>
<msg timestamp="20221004 16:47:13.462" level="INFO">Slept 1 second</msg>
<status status="PASS" starttime="20221004 16:47:12.459" endtime="20221004 16:47:13.462"/>
</kw>
<kw name="Element Should Contain" library="SeleniumLibrary">
<arg>${error_update}</arg>
<arg>${error_message}</arg>
<doc>Verifies that element ``locator`` contains text ``expected``.</doc>
<msg timestamp="20221004 16:47:13.683" level="INFO" html="true">&lt;/td&gt;&lt;/tr&gt;&lt;tr&gt;&lt;td colspan="3"&gt;&lt;a href="selenium-screenshot-7.png"&gt;&lt;img src="selenium-screenshot-7.png" width="800px"&gt;&lt;/a&gt;</msg>
<msg timestamp="20221004 16:47:13.683" level="FAIL">Element 'xpath://div[@class='validation-summary-errors']' should have contained text 'The credentials provided are incorrect' but its text was 'Login was unsuccessful. Please correct the errors and try again.
No customer account found'.</msg>
<status status="FAIL" starttime="20221004 16:47:13.463" endtime="20221004 16:47:13.684"/>
</kw>
<status status="FAIL" starttime="20221004 16:47:11.575" endtime="20221004 16:47:13.684"/>
</kw>
<kw name="stop" library="start_stop" type="TEARDOWN">
<kw name="Close All Browsers" library="SeleniumLibrary">
<doc>Closes all open browsers and resets the browser cache.</doc>
<status status="PASS" starttime="20221004 16:47:13.685" endtime="20221004 16:47:15.796"/>
</kw>
<status status="PASS" starttime="20221004 16:47:13.685" endtime="20221004 16:47:15.797"/>
</kw>
<status status="FAIL" starttime="20221004 16:47:05.862" endtime="20221004 16:47:15.798">Element 'xpath://div[@class='validation-summary-errors']' should have contained text 'The credentials provided are incorrect' but its text was 'Login was unsuccessful. Please correct the errors and try again.
No customer account found'.</status>
</test>
<test id="s1-t3" name="compleate_login" line="13">
<kw name="start" library="start_stop" type="SETUP">
<kw name="Open Browser" library="SeleniumLibrary">
<arg>${demoshow_loginpage}</arg>
<arg>chrome</arg>
<doc>Opens a new browser instance to the optional ``url``.</doc>
<msg timestamp="20221004 16:47:15.808" level="INFO">Opening browser 'chrome' to base url 'https://demowebshop.tricentis.com/login'.</msg>
<status status="PASS" starttime="20221004 16:47:15.807" endtime="20221004 16:47:21.045"/>
</kw>
<kw name="Set Selenium Implicit Wait" library="SeleniumLibrary">
<arg>10s</arg>
<doc>Sets the implicit wait value used by Selenium.</doc>
<status status="PASS" starttime="20221004 16:47:21.045" endtime="20221004 16:47:21.047"/>
</kw>
<status status="PASS" starttime="20221004 16:47:15.807" endtime="20221004 16:47:21.049"/>
</kw>
<kw name="complete_login">
<arg>thirddemo@email.com</arg>
<arg>qwerty</arg>
<arg>Login was unsuccessful</arg>
<kw name="Input Text" library="SeleniumLibrary">
<arg>${enter_email}</arg>
<arg>${username}</arg>
<doc>Types the given ``text`` into the text field identified by ``locator``.</doc>
<msg timestamp="20221004 16:47:21.051" level="INFO">Typing text 'thirddemo@email.com' into text field 'xpath://input[@id='Email']'.</msg>
<status status="PASS" starttime="20221004 16:47:21.050" endtime="20221004 16:47:21.137"/>
</kw>
<kw name="Input Text" library="SeleniumLibrary">
<arg>${enter_password}</arg>
<arg>${password}</arg>
<doc>Types the given ``text`` into the text field identified by ``locator``.</doc>
<msg timestamp="20221004 16:47:21.137" level="INFO">Typing text 'qwerty' into text field 'xpath://input[@name='Password']'.</msg>
<status status="PASS" starttime="20221004 16:47:21.137" endtime="20221004 16:47:21.208"/>
</kw>
<kw name="Click Element" library="SeleniumLibrary">
<arg>${loginpage_login_button}</arg>
<doc>Click the element identified by ``locator``.</doc>
<msg timestamp="20221004 16:47:21.209" level="INFO">Clicking element 'xpath://input[@value='Log in']'.</msg>
<status status="PASS" starttime="20221004 16:47:21.209" endtime="20221004 16:47:21.918"/>
</kw>
<kw name="Sleep" library="BuiltIn">
<arg>1s</arg>
<doc>Pauses the test executed for the given time.</doc>
<msg timestamp="20221004 16:47:22.921" level="INFO">Slept 1 second</msg>
<status status="PASS" starttime="20221004 16:47:21.918" endtime="20221004 16:47:22.921"/>
</kw>
<kw name="Element Should Contain" library="SeleniumLibrary">
<arg>${error_update}</arg>
<arg>${error_message}</arg>
<doc>Verifies that element ``locator`` contains text ``expected``.</doc>
<msg timestamp="20221004 16:47:22.977" level="INFO">Element 'xpath://div[@class='validation-summary-errors']' contains text 'Login was unsuccessful'.</msg>
<status status="PASS" starttime="20221004 16:47:22.922" endtime="20221004 16:47:22.977"/>
</kw>
<status status="PASS" starttime="20221004 16:47:21.049" endtime="20221004 16:47:22.977"/>
</kw>
<kw name="stop" library="start_stop" type="TEARDOWN">
<kw name="Close All Browsers" library="SeleniumLibrary">
<doc>Closes all open browsers and resets the browser cache.</doc>
<status status="PASS" starttime="20221004 16:47:22.979" endtime="20221004 16:47:25.097"/>
</kw>
<status status="PASS" starttime="20221004 16:47:22.978" endtime="20221004 16:47:25.098"/>
</kw>
<status status="PASS" starttime="20221004 16:47:15.803" endtime="20221004 16:47:25.099"/>
</test>
<test id="s1-t4" name="compleate_login" line="13">
<kw name="start" library="start_stop" type="SETUP">
<kw name="Open Browser" library="SeleniumLibrary">
<arg>${demoshow_loginpage}</arg>
<arg>chrome</arg>
<doc>Opens a new browser instance to the optional ``url``.</doc>
<msg timestamp="20221004 16:47:25.114" level="INFO">Opening browser 'chrome' to base url 'https://demowebshop.tricentis.com/login'.</msg>
<status status="PASS" starttime="20221004 16:47:25.114" endtime="20221004 16:47:29.189"/>
</kw>
<kw name="Set Selenium Implicit Wait" library="SeleniumLibrary">
<arg>10s</arg>
<doc>Sets the implicit wait value used by Selenium.</doc>
<status status="PASS" starttime="20221004 16:47:29.189" endtime="20221004 16:47:29.190"/>
</kw>
<status status="PASS" starttime="20221004 16:47:25.113" endtime="20221004 16:47:29.190"/>
</kw>
<kw name="complete_login">
<arg>forthdemo@email.com</arg>
<arg>12345QWERTY</arg>
<arg>Login was unsuccessful. Please correct the errors and try again.The credentials provided are incorrect</arg>
<kw name="Input Text" library="SeleniumLibrary">
<arg>${enter_email}</arg>
<arg>${username}</arg>
<doc>Types the given ``text`` into the text field identified by ``locator``.</doc>
<msg timestamp="20221004 16:47:29.191" level="INFO">Typing text 'forthdemo@email.com' into text field 'xpath://input[@id='Email']'.</msg>
<status status="PASS" starttime="20221004 16:47:29.191" endtime="20221004 16:47:29.273"/>
</kw>
<kw name="Input Text" library="SeleniumLibrary">
<arg>${enter_password}</arg>
<arg>${password}</arg>
<doc>Types the given ``text`` into the text field identified by ``locator``.</doc>
<msg timestamp="20221004 16:47:29.273" level="INFO">Typing text '12345QWERTY' into text field 'xpath://input[@name='Password']'.</msg>
<status status="PASS" starttime="20221004 16:47:29.273" endtime="20221004 16:47:29.350"/>
</kw>
<kw name="Click Element" library="SeleniumLibrary">
<arg>${loginpage_login_button}</arg>
<doc>Click the element identified by ``locator``.</doc>
<msg timestamp="20221004 16:47:29.350" level="INFO">Clicking element 'xpath://input[@value='Log in']'.</msg>
<status status="PASS" starttime="20221004 16:47:29.350" endtime="20221004 16:47:29.888"/>
</kw>
<kw name="Sleep" library="BuiltIn">
<arg>1s</arg>
<doc>Pauses the test executed for the given time.</doc>
<msg timestamp="20221004 16:47:30.889" level="INFO">Slept 1 second</msg>
<status status="PASS" starttime="20221004 16:47:29.888" endtime="20221004 16:47:30.890"/>
</kw>
<kw name="Element Should Contain" library="SeleniumLibrary">
<arg>${error_update}</arg>
<arg>${error_message}</arg>
<doc>Verifies that element ``locator`` contains text ``expected``.</doc>
<msg timestamp="20221004 16:47:31.055" level="INFO" html="true">&lt;/td&gt;&lt;/tr&gt;&lt;tr&gt;&lt;td colspan="3"&gt;&lt;a href="selenium-screenshot-8.png"&gt;&lt;img src="selenium-screenshot-8.png" width="800px"&gt;&lt;/a&gt;</msg>
<msg timestamp="20221004 16:47:31.055" level="FAIL">Element 'xpath://div[@class='validation-summary-errors']' should have contained text 'Login was unsuccessful. Please correct the errors and try again.The credentials provided are incorrect' but its text was 'Login was unsuccessful. Please correct the errors and try again.
The credentials provided are incorrect'.</msg>
<status status="FAIL" starttime="20221004 16:47:30.890" endtime="20221004 16:47:31.055"/>
</kw>
<status status="FAIL" starttime="20221004 16:47:29.190" endtime="20221004 16:47:31.056"/>
</kw>
<kw name="stop" library="start_stop" type="TEARDOWN">
<kw name="Close All Browsers" library="SeleniumLibrary">
<doc>Closes all open browsers and resets the browser cache.</doc>
<status status="PASS" starttime="20221004 16:47:31.058" endtime="20221004 16:47:33.165"/>
</kw>
<status status="PASS" starttime="20221004 16:47:31.057" endtime="20221004 16:47:33.167"/>
</kw>
<status status="FAIL" starttime="20221004 16:47:25.107" endtime="20221004 16:47:33.169">Element 'xpath://div[@class='validation-summary-errors']' should have contained text 'Login was unsuccessful. Please correct the errors and try again.The credentials provided are incorrect' but its text was 'Login was unsuccessful. Please correct the errors and try again.
The credentials provided are incorrect'.</status>
</test>
<test id="s1-t5" name="compleate_login" line="13">
<kw name="start" library="start_stop" type="SETUP">
<kw name="Open Browser" library="SeleniumLibrary">
<arg>${demoshow_loginpage}</arg>
<arg>chrome</arg>
<doc>Opens a new browser instance to the optional ``url``.</doc>
<msg timestamp="20221004 16:47:33.180" level="INFO">Opening browser 'chrome' to base url 'https://demowebshop.tricentis.com/login'.</msg>
<status status="PASS" starttime="20221004 16:47:33.179" endtime="20221004 16:47:37.200"/>
</kw>
<kw name="Set Selenium Implicit Wait" library="SeleniumLibrary">
<arg>10s</arg>
<doc>Sets the implicit wait value used by Selenium.</doc>
<status status="PASS" starttime="20221004 16:47:37.200" endtime="20221004 16:47:37.201"/>
</kw>
<status status="PASS" starttime="20221004 16:47:33.178" endtime="20221004 16:47:37.201"/>
</kw>
<kw name="complete_login">
<arg>fifthdemo@email.com</arg>
<arg>!@#$%qwerty</arg>
<arg>Login was unsuccessful. Please correct the errors and try again.The credentials provided are incorrect</arg>
<kw name="Input Text" library="SeleniumLibrary">
<arg>${enter_email}</arg>
<arg>${username}</arg>
<doc>Types the given ``text`` into the text field identified by ``locator``.</doc>
<msg timestamp="20221004 16:47:37.202" level="INFO">Typing text 'fifthdemo@email.com' into text field 'xpath://input[@id='Email']'.</msg>
<status status="PASS" starttime="20221004 16:47:37.202" endtime="20221004 16:47:37.285"/>
</kw>
<kw name="Input Text" library="SeleniumLibrary">
<arg>${enter_password}</arg>
<arg>${password}</arg>
<doc>Types the given ``text`` into the text field identified by ``locator``.</doc>
<msg timestamp="20221004 16:47:37.286" level="INFO">Typing text '!@#$%qwerty' into text field 'xpath://input[@name='Password']'.</msg>
<status status="PASS" starttime="20221004 16:47:37.286" endtime="20221004 16:47:37.368"/>
</kw>
<kw name="Click Element" library="SeleniumLibrary">
<arg>${loginpage_login_button}</arg>
<doc>Click the element identified by ``locator``.</doc>
<msg timestamp="20221004 16:47:37.369" level="INFO">Clicking element 'xpath://input[@value='Log in']'.</msg>
<status status="PASS" starttime="20221004 16:47:37.368" endtime="20221004 16:47:37.887"/>
</kw>
<kw name="Sleep" library="BuiltIn">
<arg>1s</arg>
<doc>Pauses the test executed for the given time.</doc>
<msg timestamp="20221004 16:47:38.897" level="INFO">Slept 1 second</msg>
<status status="PASS" starttime="20221004 16:47:37.887" endtime="20221004 16:47:38.897"/>
</kw>
<kw name="Element Should Contain" library="SeleniumLibrary">
<arg>${error_update}</arg>
<arg>${error_message}</arg>
<doc>Verifies that element ``locator`` contains text ``expected``.</doc>
<msg timestamp="20221004 16:47:39.190" level="INFO" html="true">&lt;/td&gt;&lt;/tr&gt;&lt;tr&gt;&lt;td colspan="3"&gt;&lt;a href="selenium-screenshot-9.png"&gt;&lt;img src="selenium-screenshot-9.png" width="800px"&gt;&lt;/a&gt;</msg>
<msg timestamp="20221004 16:47:39.191" level="FAIL">Element 'xpath://div[@class='validation-summary-errors']' should have contained text 'Login was unsuccessful. Please correct the errors and try again.The credentials provided are incorrect' but its text was 'Login was unsuccessful. Please correct the errors and try again.
The credentials provided are incorrect'.</msg>
<status status="FAIL" starttime="20221004 16:47:38.898" endtime="20221004 16:47:39.191"/>
</kw>
<status status="FAIL" starttime="20221004 16:47:37.202" endtime="20221004 16:47:39.192"/>
</kw>
<kw name="stop" library="start_stop" type="TEARDOWN">
<kw name="Close All Browsers" library="SeleniumLibrary">
<doc>Closes all open browsers and resets the browser cache.</doc>
<status status="PASS" starttime="20221004 16:47:39.193" endtime="20221004 16:47:41.326"/>
</kw>
<status status="PASS" starttime="20221004 16:47:39.192" endtime="20221004 16:47:41.326"/>
</kw>
<status status="FAIL" starttime="20221004 16:47:33.174" endtime="20221004 16:47:41.328">Element 'xpath://div[@class='validation-summary-errors']' should have contained text 'Login was unsuccessful. Please correct the errors and try again.The credentials provided are incorrect' but its text was 'Login was unsuccessful. Please correct the errors and try again.
The credentials provided are incorrect'.</status>
</test>
<test id="s1-t6" name="compleate_login" line="13">
<kw name="start" library="start_stop" type="SETUP">
<kw name="Open Browser" library="SeleniumLibrary">
<arg>${demoshow_loginpage}</arg>
<arg>chrome</arg>
<doc>Opens a new browser instance to the optional ``url``.</doc>
<msg timestamp="20221004 16:47:41.347" level="INFO">Opening browser 'chrome' to base url 'https://demowebshop.tricentis.com/login'.</msg>
<status status="PASS" starttime="20221004 16:47:41.346" endtime="20221004 16:47:45.025"/>
</kw>
<kw name="Set Selenium Implicit Wait" library="SeleniumLibrary">
<arg>10s</arg>
<doc>Sets the implicit wait value used by Selenium.</doc>
<status status="PASS" starttime="20221004 16:47:45.025" endtime="20221004 16:47:45.027"/>
</kw>
<status status="PASS" starttime="20221004 16:47:41.345" endtime="20221004 16:47:45.027"/>
</kw>
<kw name="complete_login">
<arg>abcdefg@email.in</arg>
<arg>12345abcde</arg>
<arg> No customer account found </arg>
<kw name="Input Text" library="SeleniumLibrary">
<arg>${enter_email}</arg>
<arg>${username}</arg>
<doc>Types the given ``text`` into the text field identified by ``locator``.</doc>
<msg timestamp="20221004 16:47:45.030" level="INFO">Typing text 'abcdefg@email.in' into text field 'xpath://input[@id='Email']'.</msg>
<status status="PASS" starttime="20221004 16:47:45.029" endtime="20221004 16:47:45.322"/>
</kw>
<kw name="Input Text" library="SeleniumLibrary">
<arg>${enter_password}</arg>
<arg>${password}</arg>
<doc>Types the given ``text`` into the text field identified by ``locator``.</doc>
<msg timestamp="20221004 16:47:45.324" level="INFO">Typing text '12345abcde' into text field 'xpath://input[@name='Password']'.</msg>
<status status="PASS" starttime="20221004 16:47:45.322" endtime="20221004 16:47:45.440"/>
</kw>
<kw name="Click Element" library="SeleniumLibrary">
<arg>${loginpage_login_button}</arg>
<doc>Click the element identified by ``locator``.</doc>
<msg timestamp="20221004 16:47:45.441" level="INFO">Clicking element 'xpath://input[@value='Log in']'.</msg>
<status status="PASS" starttime="20221004 16:47:45.441" endtime="20221004 16:47:45.960"/>
</kw>
<kw name="Sleep" library="BuiltIn">
<arg>1s</arg>
<doc>Pauses the test executed for the given time.</doc>
<msg timestamp="20221004 16:47:46.967" level="INFO">Slept 1 second</msg>
<status status="PASS" starttime="20221004 16:47:45.961" endtime="20221004 16:47:46.967"/>
</kw>
<kw name="Element Should Contain" library="SeleniumLibrary">
<arg>${error_update}</arg>
<arg>${error_message}</arg>
<doc>Verifies that element ``locator`` contains text ``expected``.</doc>
<msg timestamp="20221004 16:47:47.177" level="INFO" html="true">&lt;/td&gt;&lt;/tr&gt;&lt;tr&gt;&lt;td colspan="3"&gt;&lt;a href="selenium-screenshot-10.png"&gt;&lt;img src="selenium-screenshot-10.png" width="800px"&gt;&lt;/a&gt;</msg>
<msg timestamp="20221004 16:47:47.178" level="FAIL">Element 'xpath://div[@class='validation-summary-errors']' should have contained text ' No customer account found ' but its text was 'Login was unsuccessful. Please correct the errors and try again.
No customer account found'.</msg>
<status status="FAIL" starttime="20221004 16:47:46.967" endtime="20221004 16:47:47.179"/>
</kw>
<status status="FAIL" starttime="20221004 16:47:45.028" endtime="20221004 16:47:47.179"/>
</kw>
<kw name="stop" library="start_stop" type="TEARDOWN">
<kw name="Close All Browsers" library="SeleniumLibrary">
<doc>Closes all open browsers and resets the browser cache.</doc>
<status status="PASS" starttime="20221004 16:47:47.181" endtime="20221004 16:47:49.351"/>
</kw>
<status status="PASS" starttime="20221004 16:47:47.180" endtime="20221004 16:47:49.351"/>
</kw>
<status status="FAIL" starttime="20221004 16:47:41.337" endtime="20221004 16:47:49.352">Element 'xpath://div[@class='validation-summary-errors']' should have contained text ' No customer account found ' but its text was 'Login was unsuccessful. Please correct the errors and try again.
No customer account found'.</status>
</test>
<status status="FAIL" starttime="20221004 16:46:55.315" endtime="20221004 16:47:49.354"/>
</suite>
<statistics>
<total>
<stat pass="1" fail="5" skip="0">All Tests</stat>
</total>
<tag>
</tag>
<suite>
<stat pass="1" fail="5" skip="0" id="s1" name="Logincredentialtest">Logincredentialtest</stat>
</suite>
</statistics>
<errors>
<msg timestamp="20221004 16:47:05.859" level="WARN">Multiple tests with name 'compleate_login' executed in suite 'Logincredentialtest'.</msg>
<msg timestamp="20221004 16:47:15.802" level="WARN">Multiple tests with name 'compleate_login' executed in suite 'Logincredentialtest'.</msg>
<msg timestamp="20221004 16:47:25.105" level="WARN">Multiple tests with name 'compleate_login' executed in suite 'Logincredentialtest'.</msg>
<msg timestamp="20221004 16:47:33.172" level="WARN">Multiple tests with name 'compleate_login' executed in suite 'Logincredentialtest'.</msg>
<msg timestamp="20221004 16:47:41.335" level="WARN">Multiple tests with name 'compleate_login' executed in suite 'Logincredentialtest'.</msg>
</errors>
</robot>
